0 info it worked if it ends with ok
1 verbose cli [ '/usr/local/bin/node', '/usr/local/bin/npm', 'run', 'start' ]
2 info using npm@3.10.10
3 info using node@v6.11.1
4 verbose run-script [ 'prestart', 'start', 'poststart' ]
5 info lifecycle tungnt-react-server@0.0.0~prestart: tungnt-react-server@0.0.0
6 silly lifecycle tungnt-react-server@0.0.0~prestart: no script for prestart, continuing
7 info lifecycle tungnt-react-server@0.0.0~start: tungnt-react-server@0.0.0
8 verbose lifecycle tungnt-react-server@0.0.0~start: unsafe-perm in lifecycle true
9 verbose lifecycle tungnt-react-server@0.0.0~start: PATH: /usr/local/lib/node_modules/npm/bin/node-gyp-bin:/Users/Thien/goLearning/src/github.com/tungnt244/scoville_website_v2/frontend_backend/node_modules/.bin:/Users/Thien/goLearning/bin:/usr/local/bin:/usr/bin:/bin:/usr/sbin:/sbin:/usr/local/go/bin:/Applications/Postgres.app/Contents/Versions/latest/bin
10 verbose lifecycle tungnt-react-server@0.0.0~start: CWD: /Users/Thien/goLearning/src/github.com/tungnt244/scoville_website_v2/frontend_backend
11 silly lifecycle tungnt-react-server@0.0.0~start: Args: [ '-c', 'nodemon ./bin/www' ]
12 info lifecycle tungnt-react-server@0.0.0~start: Failed to exec start script
13 verbose stack Error: tungnt-react-server@0.0.0 start: `nodemon ./bin/www`
13 verbose stack spawn ENOENT
13 verbose stack     at ChildProcess.<anonymous> (/usr/local/lib/node_modules/npm/lib/utils/spawn.js:33:16)
13 verbose stack     at emitTwo (events.js:106:13)
13 verbose stack     at ChildProcess.emit (events.js:191:7)
13 verbose stack     at maybeClose (internal/child_process.js:891:16)
13 verbose stack     at Process.ChildProcess._handle.onexit (internal/child_process.js:226:5)
14 verbose pkgid tungnt-react-server@0.0.0
15 verbose cwd /Users/Thien/goLearning/src/github.com/tungnt244/scoville_website_v2/frontend_backend
16 error Darwin 16.6.0
17 error argv "/usr/local/bin/node" "/usr/local/bin/npm" "run" "start"
18 error node v6.11.1
19 error npm  v3.10.10
20 error file sh
21 error code ELIFECYCLE
22 error errno ENOENT
23 error syscall spawn
24 error tungnt-react-server@0.0.0 start: `nodemon ./bin/www`
24 error spawn ENOENT
25 error Failed at the tungnt-react-server@0.0.0 start script 'nodemon ./bin/www'.
25 error Make sure you have the latest version of node.js and npm installed.
25 error If you do, this is most likely a problem with the tungnt-react-server package,
25 error not with npm itself.
25 error Tell the author that this fails on your system:
25 error     nodemon ./bin/www
25 error You can get information on how to open an issue for this project with:
25 error     npm bugs tungnt-react-server
25 error Or if that isn't available, you can get their info via:
25 error     npm owner ls tungnt-react-server
25 error There is likely additional logging output above.
26 verbose exit [ 1, true ]
